
              RabbitMQ 3.6.4. Copyright (C) 2007-2016 Pivotal Software, Inc.
  ##  ##      Licensed under the MPL.  See http://www.rabbitmq.com/
  ##  ##
  ##########  Logs: /usr/local/var/log/rabbitmq/rabbit@localhost.log
  ######  ##        /usr/local/var/log/rabbitmq/rabbit@localhost-sasl.log
  ##########
              Starting broker...
 completed with 11 plugins.
Stopping and halting node rabbit@localhost ...
Gracefully halting Erlang VM

              RabbitMQ 3.6.4. Copyright (C) 2007-2016 Pivotal Software, Inc.
  ##  ##      Licensed under the MPL.  See http://www.rabbitmq.com/
  ##  ##
  ##########  Logs: /usr/local/var/log/rabbitmq/rabbit@localhost.log
  ######  ##        /usr/local/var/log/rabbitmq/rabbit@localhost-sasl.log
  ##########
              Starting broker...
 completed with 11 plugins.
Stopping and halting node rabbit@localhost ...
Gracefully halting Erlang VM
